commit 58071caf8b4199c5d2e4c7a7e33c216b9f2c25f6
Author: Hallfredsson <alfredo.gonzalez@opendeusto.es>
Date:   Thu Aug 3 13:31:32 2017 +0100

    Tipo de estilo

commit 75ae28847d2e75bd1c17788e8e88681dc113a1a0
Author: Hallfredsson <alfredo.gonzalez@opendeusto.es>
Date:   Thu Aug 3 13:30:33 2017 +0100

    Pagina de inicio

commit aea96611972b93d855f08a986ee361200b74ffdf
Author: Hallfredsson <alfredo.gonzalez@opendeusto.es>
Date:   Thu Aug 3 13:19:19 2017 +0100

    Imagenes de utilidad para el proyecto

commit 6e5a7d4e7e84a4e2a35bcaed02b4b1baa58e52b5
Author: Hallfredsson <alfredo.gonzalez@opendeusto.es>
Date:   Thu Aug 3 13:16:02 2017 +0100

    Propuestas de estilo

commit 40feae3ed85f0672f21cd98de6b64fc5114225d8
Author: Hallfredsson <alfredo.gonzalez@opendeusto.es>
Date:   Thu Aug 3 13:13:29 2017 +0100

    Contenido javascript

commit fab4941aaaa85cb75b1f8a65b42c3cb93546446c
Author: Hallfredsson <alfredo.gonzalez@opendeusto.es>
Date:   Thu Aug 3 12:55:55 2017 +0100

    Propuestas de estilo

commit f923bc0f2013fa7b5f14b6d3788768755c244f42
Author: Hallfredsson <alfredo.gonzalez@opendeusto.es>
Date:   Thu Aug 3 12:05:48 2017 +0100

    Estilos del proyecto

commit af8a2f2b5530fb58ed94fe8c856090f3a7e07012
Author: Hallfredsson <alfredo.gonzalez@opendeusto.es>
Date:   Thu Aug 3 11:57:41 2017 +0100

    Imagenes de utilidad para el proyecto

commit 85d3f75db455dc3f3a322ec5324ab393e7944da8
Author: Hallfredsson <alfredo.gonzalez@opendeusto.es>
Date:   Thu Aug 3 11:51:35 2017 +0100

    Certificado de copyright del proyecto

commit 09d48bbb0a6a7c8d8fecf139c1a232ff81af638d
Author: Hallfredsson <alfredo.gonzalez@opendeusto.es>
Date:   Thu Aug 3 11:46:38 2017 +0100

    # Contenido en texto del proyecto

commit 3411b259665268ef058ba27a38b53159ef160858
Author: Hallfredsson <alfredo.gonzalez@opendeusto.es>
Date:   Thu Aug 3 12:23:17 2017 +0200

    Initial commit
